<component name="libraryTable">
  <library name="junit_junit_4.8.2">
    <CLASSES>
      <root url="jar://$USER_HOME$/.ivy2/cache/junit/junit/jars/junit-4.8.2.jar!/"></root>
    </CLASSES>
    <JAVADOC>
      <root url="jar://$USER_HOME$/.ivy2/cache/junit/junit/docs/junit-4.8.2-javadoc.jar!/"></root>
    </JAVADOC>
    <SOURCES>
      <root url="jar://$USER_HOME$/.ivy2/cache/junit/junit/srcs/junit-4.8.2-sources.jar!/"></root>
    </SOURCES>
  </library>
</component>