<component name="libraryTable">
  <library name="junit-4.8.2.jar">
    <CLASSES>
      <root url="jar://$PROJECT_DIR$/lib/junit-4.8.2.jar!/"></root>
    </CLASSES>
    <JAVADOC> </JAVADOC>
    <SOURCES> </SOURCES>
  </library>
</component>